[2025-09-03 22:08:29,804] INFO: Logging to data/logs/fetch_author_metrics_20250903_220829.log
[2025-09-03 22:08:29,805] WARNING: No contact email provided (--email/OPENALEX_MAILTO/CONTACT_EMAIL). Requests may be throttled.
[2025-09-03 22:08:29,807] INFO: Detected OpenAlex ID column: OpenAlexID
[2025-09-03 22:08:29,808] INFO: Loaded previous output for diffing: data/roster_with_metrics.csv
[2025-09-03 22:08:29,809] INFO: [fetch] Row 1/101: A5044129448
[2025-09-03 22:08:30,459] INFO: [fetch] Row 2/101: A5022853965
[2025-09-03 22:08:30,878] INFO: [fetch] Row 3/101: A5071624312
[2025-09-03 22:08:31,282] INFO: [fetch] Row 4/101: A5106745430
[2025-09-03 22:08:31,676] INFO: [fetch] Row 5/101: a5080888159
[2025-09-03 22:08:32,107] INFO: [fetch] Row 6/101: a5074500983
[2025-09-03 22:08:32,524] INFO: [fetch] Row 7/101: A5064787715
[2025-09-03 22:08:32,900] INFO: [fetch] Row 8/101: A5031768116
[2025-09-03 22:08:33,258] INFO: [fetch] Row 9/101: A5086150799
[2025-09-03 22:08:33,667] INFO: [fetch] Row 10/101: A5073479052
[2025-09-03 22:08:34,187] INFO: [fetch] Row 11/101: a5046562548
[2025-09-03 22:08:34,568] INFO: [fetch] Row 12/101: A5020037190
[2025-09-03 22:08:34,934] INFO: [fetch] Row 13/101: a5039979518
[2025-09-03 22:08:35,387] INFO: [fetch] Row 14/101: a5076737365
[2025-09-03 22:08:36,108] INFO: [fetch] Row 15/101: A5043095653
[2025-09-03 22:08:36,600] INFO: [fetch] Row 16/101: a5056760825
[2025-09-03 22:08:37,042] INFO: [fetch] Row 17/101: a5039674941
[2025-09-03 22:08:37,457] INFO: [fetch] Row 18/101: A5022252020
[2025-09-03 22:08:37,821] INFO: [fetch] Row 19/101: A5060720250
[2025-09-03 22:08:38,207] INFO: [fetch] Row 20/101: A5061396807
[2025-09-03 22:08:38,612] INFO: [fetch] Row 21/101: A5029048673
[2025-09-03 22:08:39,015] INFO: [fetch] Row 22/101: A5017737743
[2025-09-03 22:08:39,466] INFO: [fetch] Row 23/101: A5037076571
[2025-09-03 22:08:39,829] INFO: [fetch] Row 24/101: a5006789932
[2025-09-03 22:08:40,211] INFO: [fetch] Row 25/101: A5026053568
[2025-09-03 22:08:40,634] INFO: [fetch] Row 26/101: A5082453086
[2025-09-03 22:08:41,058] INFO: [fetch] Row 27/101: a5114373244
[2025-09-03 22:08:41,422] INFO: [fetch] Row 28/101: A5066211640
[2025-09-03 22:08:41,779] INFO: [fetch] Row 29/101: A5060238062
[2025-09-03 22:08:42,140] INFO: [fetch] Row 30/101: a5074081305
[2025-09-03 22:08:42,510] INFO: [fetch] Row 31/101: a5085430572
[2025-09-03 22:08:42,930] INFO: [fetch] Row 32/101: A5061884304
[2025-09-03 22:08:43,414] INFO: [fetch] Row 33/101: a5083737761
[2025-09-03 22:08:43,779] INFO: [fetch] Row 34/101: A5024153751
[2025-09-03 22:08:44,169] INFO: [fetch] Row 35/101: A5070858953
[2025-09-03 22:08:44,559] INFO: [fetch] Row 36/101: A5036827440
[2025-09-03 22:08:44,990] INFO: [fetch] Row 37/101: A5059205436
[2025-09-03 22:08:45,418] INFO: [fetch] Row 38/101: A5084242333
[2025-09-03 22:08:45,829] INFO: [fetch] Row 39/101: A5101873040
[2025-09-03 22:08:46,259] INFO: [fetch] Row 40/101: A5058471690
[2025-09-03 22:08:46,641] INFO: [fetch] Row 41/101: A5012993605
[2025-09-03 22:08:47,004] INFO: [fetch] Row 42/101: A5100610130
[2025-09-03 22:08:47,366] INFO: [fetch] Row 43/101: a5090533744
[2025-09-03 22:08:47,735] INFO: [fetch] Row 44/101: A5109754104
[2025-09-03 22:08:48,165] INFO: [fetch] Row 45/101: A5027760942
[2025-09-03 22:08:48,554] INFO: [fetch] Row 46/101: A5022774858
[2025-09-03 22:08:48,942] INFO: [fetch] Row 47/101: A5007942194
[2025-09-03 22:08:49,361] INFO: [fetch] Row 48/101: A5090097404
[2025-09-03 22:08:49,755] INFO: [fetch] Row 49/101: A5037667720
[2025-09-03 22:08:50,135] INFO: [fetch] Row 50/101: A5023922905
[2025-09-03 22:08:50,494] INFO: [fetch] Row 51/101: A5036061060
[2025-09-03 22:08:50,873] INFO: [fetch] Row 52/101: A5047972805
[2025-09-03 22:08:51,309] INFO: [fetch] Row 53/101: A5112938412
[2025-09-03 22:08:51,864] INFO: [fetch] Row 54/101: A5089895616
[2025-09-03 22:08:52,323] INFO: [fetch] Row 55/101: a5069179389
[2025-09-03 22:08:52,733] INFO: [fetch] Row 56/101: A5080815644
[2025-09-03 22:08:53,157] INFO: [fetch] Row 57/101: A5083770219
[2025-09-03 22:08:53,615] INFO: [fetch] Row 58/101: A5037393069
[2025-09-03 22:08:54,001] INFO: [fetch] Row 59/101: A5035984700
[2025-09-03 22:08:54,363] INFO: [fetch] Row 60/101: A5051453596
[2025-09-03 22:08:54,771] INFO: [fetch] Row 61/101: a5057878529
[2025-09-03 22:08:55,193] INFO: [fetch] Row 62/101: A5114377548
[2025-09-03 22:08:55,592] INFO: [fetch] Row 63/101: A5024298870
[2025-09-03 22:08:56,045] INFO: [fetch] Row 64/101: A5040728822
[2025-09-03 22:08:56,410] INFO: [fetch] Row 65/101: a5041781789
[2025-09-03 22:08:56,799] INFO: [fetch] Row 66/101: a5108639797
[2025-09-03 22:08:57,195] INFO: [fetch] Row 67/101: A5007528691
[2025-09-03 22:08:57,587] INFO: [fetch] Row 68/101: A5015249683
[2025-09-03 22:08:57,992] INFO: [fetch] Row 69/101: A5006528993
[2025-09-03 22:08:58,420] INFO: [fetch] Row 70/101: A5068471682
[2025-09-03 22:08:58,801] INFO: [fetch] Row 71/101: A5018297358
[2025-09-03 22:08:59,193] INFO: [fetch] Row 72/101: a5084958126
[2025-09-03 22:08:59,604] INFO: [fetch] Row 73/101: A5006914372
[2025-09-03 22:09:00,003] INFO: [fetch] Row 74/101: A5085398611
[2025-09-03 22:09:00,377] INFO: [fetch] Row 75/101: a5085398611
[2025-09-03 22:09:00,758] INFO: [fetch] Row 76/101: a5028898834
[2025-09-03 22:09:01,166] INFO: [fetch] Row 77/101: a5034573437
[2025-09-03 22:09:01,535] INFO: [fetch] Row 78/101: A5084465267
[2025-09-03 22:09:01,906] INFO: [fetch] Row 79/101: A5079262403
[2025-09-03 22:09:02,360] INFO: [fetch] Row 80/101: A5010393109
[2025-09-03 22:09:02,735] INFO: [fetch] Row 81/101: A5059631071
[2025-09-03 22:09:03,123] INFO: [fetch] Row 82/101: A5079401945
[2025-09-03 22:09:03,624] INFO: [fetch] Row 83/101: A5034557771
[2025-09-03 22:09:03,994] INFO: [fetch] Row 84/101: a5054400267
[2025-09-03 22:09:04,352] INFO: [fetch] Row 85/101: A5036983792
[2025-09-03 22:09:04,736] INFO: [fetch] Row 86/101: A5014472169
[2025-09-03 22:09:05,137] INFO: [fetch] Row 87/101: A5085946799
[2025-09-03 22:09:05,557] INFO: [fetch] Row 88/101: a5031921944
[2025-09-03 22:09:06,002] INFO: [fetch] Row 89/101: A5010143483
[2025-09-03 22:09:06,369] INFO: [fetch] Row 90/101: a5038711024
[2025-09-03 22:09:06,790] INFO: [fetch] Row 91/101: A5035378389
[2025-09-03 22:09:07,178] INFO: [fetch] Row 92/101: A5069322953
[2025-09-03 22:09:07,597] INFO: [fetch] Row 93/101: A5026426411
[2025-09-03 22:09:07,964] INFO: [fetch] Row 94/101: A5034008514
[2025-09-03 22:09:08,350] INFO: [fetch] Row 95/101: A5100752456
[2025-09-03 22:09:08,799] INFO: [fetch] Row 96/101: A5028777464
[2025-09-03 22:09:09,190] INFO: [fetch] Row 97/101: A5063029101
[2025-09-03 22:09:09,577] INFO: [fetch] Row 98/101: a5031550242
[2025-09-03 22:09:10,048] INFO: [fetch] Row 99/101: a5119173381
[2025-09-03 22:09:10,451] INFO: [fetch] Row 100/101: a5030253755
[2025-09-03 22:09:10,829] INFO: [fetch] Row 101/101: a5030166838
[2025-09-03 22:09:11,492] INFO: [diff] H_index: 0 rows changed; total delta = 0.0
[2025-09-03 22:09:11,492] INFO: [diff] I10_index: 0 rows changed; total delta = 0.0
[2025-09-03 22:09:11,493] INFO: [diff] Works_count: 0 rows changed; total delta = 0.0
[2025-09-03 22:09:11,494] INFO: [diff] Total_citations: 2 rows changed; total delta = -7.0
[2025-09-03 22:09:11,495] INFO: [ok] Wrote: data/roster_with_metrics.csv
