[2025-09-07 06:50:22,437] INFO: Logging to data/logs/fetch_author_metrics_20250907_065022.log
[2025-09-07 06:50:22,438] WARNING: No contact email provided (--email/OPENALEX_MAILTO/CONTACT_EMAIL). Requests may be throttled.
[2025-09-07 06:50:22,440] INFO: Detected OpenAlex ID column: OpenAlexID
[2025-09-07 06:50:22,442] INFO: Loaded previous output for diffing: data/roster_with_metrics.csv
[2025-09-07 06:50:22,442] INFO: [fetch] Row 1/101: A5044129448
[2025-09-07 06:50:23,060] INFO: [fetch] Row 2/101: A5022853965
[2025-09-07 06:50:23,659] INFO: [fetch] Row 3/101: A5071624312
[2025-09-07 06:50:24,026] INFO: [fetch] Row 4/101: A5106745430
[2025-09-07 06:50:24,378] INFO: [fetch] Row 5/101: a5080888159
[2025-09-07 06:50:24,749] INFO: [fetch] Row 6/101: a5074500983
[2025-09-07 06:50:25,171] INFO: [fetch] Row 7/101: A5064787715
[2025-09-07 06:50:25,740] INFO: [fetch] Row 8/101: A5031768116
[2025-09-07 06:50:26,142] INFO: [fetch] Row 9/101: A5086150799
[2025-09-07 06:50:26,532] INFO: [fetch] Row 10/101: A5073479052
[2025-09-07 06:50:26,877] INFO: [fetch] Row 11/101: a5046562548
[2025-09-07 06:50:27,258] INFO: [fetch] Row 12/101: A5020037190
[2025-09-07 06:50:27,679] INFO: [fetch] Row 13/101: a5039979518
[2025-09-07 06:50:28,063] INFO: [fetch] Row 14/101: a5076737365
[2025-09-07 06:50:28,425] INFO: [fetch] Row 15/101: A5043095653
[2025-09-07 06:50:28,759] INFO: [fetch] Row 16/101: a5056760825
[2025-09-07 06:50:29,095] INFO: [fetch] Row 17/101: a5039674941
[2025-09-07 06:50:29,470] INFO: [fetch] Row 18/101: A5022252020
[2025-09-07 06:50:29,810] INFO: [fetch] Row 19/101: A5060720250
[2025-09-07 06:50:30,171] INFO: [fetch] Row 20/101: A5061396807
[2025-09-07 06:50:30,559] INFO: [fetch] Row 21/101: A5029048673
[2025-09-07 06:50:30,929] INFO: [fetch] Row 22/101: A5017737743
[2025-09-07 06:50:31,294] INFO: [fetch] Row 23/101: A5037076571
[2025-09-07 06:50:31,675] INFO: [fetch] Row 24/101: a5006789932
[2025-09-07 06:50:32,049] INFO: [fetch] Row 25/101: A5026053568
[2025-09-07 06:50:32,491] INFO: [fetch] Row 26/101: A5082453086
[2025-09-07 06:50:32,862] INFO: [fetch] Row 27/101: a5114373244
[2025-09-07 06:50:33,257] INFO: [fetch] Row 28/101: A5066211640
[2025-09-07 06:50:33,627] INFO: [fetch] Row 29/101: A5060238062
[2025-09-07 06:50:34,004] INFO: [fetch] Row 30/101: a5074081305
[2025-09-07 06:50:34,380] INFO: [fetch] Row 31/101: a5085430572
[2025-09-07 06:50:34,820] INFO: [fetch] Row 32/101: A5061884304
[2025-09-07 06:50:35,255] INFO: [fetch] Row 33/101: a5083737761
[2025-09-07 06:50:35,597] INFO: [fetch] Row 34/101: A5024153751
[2025-09-07 06:50:35,969] INFO: [fetch] Row 35/101: A5070858953
[2025-09-07 06:50:36,322] INFO: [fetch] Row 36/101: A5036827440
[2025-09-07 06:50:36,664] INFO: [fetch] Row 37/101: A5059205436
[2025-09-07 06:50:37,058] INFO: [fetch] Row 38/101: A5084242333
[2025-09-07 06:50:37,481] INFO: [fetch] Row 39/101: A5101873040
[2025-09-07 06:50:37,875] INFO: [fetch] Row 40/101: A5058471690
[2025-09-07 06:50:38,220] INFO: [fetch] Row 41/101: A5012993605
[2025-09-07 06:50:38,642] INFO: [fetch] Row 42/101: A5100610130
[2025-09-07 06:50:39,008] INFO: [fetch] Row 43/101: a5090533744
[2025-09-07 06:50:39,370] INFO: [fetch] Row 44/101: A5109754104
[2025-09-07 06:50:39,821] INFO: [fetch] Row 45/101: A5027760942
[2025-09-07 06:50:40,190] INFO: [fetch] Row 46/101: A5022774858
[2025-09-07 06:50:40,555] INFO: [fetch] Row 47/101: A5007942194
[2025-09-07 06:50:40,925] INFO: [fetch] Row 48/101: A5090097404
[2025-09-07 06:50:41,277] INFO: [fetch] Row 49/101: A5037667720
[2025-09-07 06:50:41,638] INFO: [fetch] Row 50/101: A5023922905
[2025-09-07 06:50:42,007] INFO: [fetch] Row 51/101: A5036061060
[2025-09-07 06:50:42,536] INFO: [fetch] Row 52/101: A5047972805
[2025-09-07 06:50:42,891] INFO: [fetch] Row 53/101: A5112938412
[2025-09-07 06:50:43,242] INFO: [fetch] Row 54/101: A5089895616
[2025-09-07 06:50:43,605] INFO: [fetch] Row 55/101: a5069179389
[2025-09-07 06:50:44,019] INFO: [fetch] Row 56/101: A5080815644
[2025-09-07 06:50:44,372] INFO: [fetch] Row 57/101: A5083770219
[2025-09-07 06:50:44,711] INFO: [fetch] Row 58/101: A5037393069
[2025-09-07 06:50:45,048] INFO: [fetch] Row 59/101: A5035984700
[2025-09-07 06:50:45,535] INFO: [fetch] Row 60/101: A5051453596
[2025-09-07 06:50:45,941] INFO: [fetch] Row 61/101: a5057878529
[2025-09-07 06:50:46,360] INFO: [fetch] Row 62/101: A5114377548
[2025-09-07 06:50:46,728] INFO: [fetch] Row 63/101: A5024298870
[2025-09-07 06:50:47,087] INFO: [fetch] Row 64/101: A5040728822
[2025-09-07 06:50:47,460] INFO: [fetch] Row 65/101: a5041781789
[2025-09-07 06:50:47,835] INFO: [fetch] Row 66/101: a5108639797
[2025-09-07 06:50:48,229] INFO: [fetch] Row 67/101: A5007528691
[2025-09-07 06:50:48,606] INFO: [fetch] Row 68/101: A5015249683
[2025-09-07 06:50:48,976] INFO: [fetch] Row 69/101: A5006528993
[2025-09-07 06:50:49,320] INFO: [fetch] Row 70/101: A5068471682
[2025-09-07 06:50:49,784] INFO: [fetch] Row 71/101: A5018297358
[2025-09-07 06:50:50,159] INFO: [fetch] Row 72/101: a5084958126
[2025-09-07 06:50:50,524] INFO: [fetch] Row 73/101: A5006914372
[2025-09-07 06:50:50,897] INFO: [fetch] Row 74/101: A5085398611
[2025-09-07 06:50:51,259] INFO: [fetch] Row 75/101: a5085398611
[2025-09-07 06:50:51,656] INFO: [fetch] Row 76/101: a5028898834
[2025-09-07 06:50:51,992] INFO: [fetch] Row 77/101: a5034573437
[2025-09-07 06:50:52,383] INFO: [fetch] Row 78/101: A5084465267
[2025-09-07 06:50:52,756] INFO: [fetch] Row 79/101: A5079262403
[2025-09-07 06:50:53,096] INFO: [fetch] Row 80/101: A5010393109
[2025-09-07 06:50:53,457] INFO: [fetch] Row 81/101: A5059631071
[2025-09-07 06:50:53,806] INFO: [fetch] Row 82/101: A5079401945
[2025-09-07 06:50:54,184] INFO: [fetch] Row 83/101: A5034557771
[2025-09-07 06:50:54,612] INFO: [fetch] Row 84/101: a5054400267
[2025-09-07 06:50:54,949] INFO: [fetch] Row 85/101: A5036983792
[2025-09-07 06:50:55,324] INFO: [fetch] Row 86/101: A5014472169
[2025-09-07 06:50:55,667] INFO: [fetch] Row 87/101: A5085946799
[2025-09-07 06:50:56,068] INFO: [fetch] Row 88/101: a5031921944
[2025-09-07 06:50:56,477] INFO: [fetch] Row 89/101: A5010143483
[2025-09-07 06:50:56,868] INFO: [fetch] Row 90/101: a5038711024
[2025-09-07 06:50:57,232] INFO: [fetch] Row 91/101: A5035378389
[2025-09-07 06:50:57,644] INFO: [fetch] Row 92/101: A5069322953
[2025-09-07 06:50:58,059] INFO: [fetch] Row 93/101: A5026426411
[2025-09-07 06:50:58,422] INFO: [fetch] Row 94/101: A5034008514
[2025-09-07 06:50:58,768] INFO: [fetch] Row 95/101: A5100752456
[2025-09-07 06:50:59,162] INFO: [fetch] Row 96/101: A5028777464
[2025-09-07 06:50:59,507] INFO: [fetch] Row 97/101: A5063029101
[2025-09-07 06:51:00,003] INFO: [fetch] Row 98/101: a5031550242
[2025-09-07 06:51:00,430] INFO: [fetch] Row 99/101: a5119173381
[2025-09-07 06:51:00,769] INFO: [fetch] Row 100/101: a5030253755
[2025-09-07 06:51:01,139] INFO: [fetch] Row 101/101: a5030166838
[2025-09-07 06:51:01,567] INFO: [diff] H_index: 0 rows changed; total delta = 0.0
[2025-09-07 06:51:01,568] INFO: [diff] I10_index: 0 rows changed; total delta = 0.0
[2025-09-07 06:51:01,569] INFO: [diff] Works_count: 2 rows changed; total delta = 2.0
[2025-09-07 06:51:01,569] INFO: [diff] Total_citations: 10 rows changed; total delta = 96.0
[2025-09-07 06:51:01,571] INFO: [ok] Wrote: data/roster_with_metrics.csv
