[2025-10-05 06:47:52,739] INFO: Logging to data/logs/fetch_author_metrics_20251005_064752.log
[2025-10-05 06:47:57,106] WARNING: HTTP 429 from https://api.openalex.org/authors/A5086150799; retrying (attempt 1/3)
[2025-10-05 06:48:23,963] WARNING: HTTP 429 from https://api.openalex.org/authors/A5058471690; retrying (attempt 1/3)
[2025-10-05 06:48:27,468] WARNING: HTTP 429 from https://api.openalex.org/authors/A5109754104; retrying (attempt 1/3)
[2025-10-05 06:48:29,487] WARNING: HTTP 429 from https://api.openalex.org/authors/A5022774858; retrying (attempt 1/3)
[2025-10-05 06:48:42,067] WARNING: HTTP 429 from https://api.openalex.org/authors/A5024298870; retrying (attempt 1/3)
[2025-10-05 06:48:48,193] WARNING: HTTP 429 from https://api.openalex.org/authors/A5018297358; retrying (attempt 1/3)
[2025-10-05 06:49:25,855] WARNING: HTTP 429 from https://api.openalex.org/authors/A5060720250; retrying (attempt 1/3)
[2025-10-05 06:49:30,390] WARNING: HTTP 429 from https://api.openalex.org/authors/A5006789932; retrying (attempt 1/3)
[2025-10-05 06:49:35,757] WARNING: HTTP 429 from https://api.openalex.org/authors/A5085430572; retrying (attempt 1/3)
[2025-10-05 06:49:45,043] WARNING: HTTP 429 from https://api.openalex.org/authors/A5012993605; retrying (attempt 1/3)
[2025-10-05 06:49:49,307] WARNING: HTTP 429 from https://api.openalex.org/authors/A5022774858; retrying (attempt 1/3)
[2025-10-05 06:49:53,430] WARNING: HTTP 429 from https://api.openalex.org/authors/A5036061060; retrying (attempt 1/3)
[2025-10-05 06:49:55,273] WARNING: HTTP 429 from https://api.openalex.org/authors/A5112938412; retrying (attempt 1/3)
[2025-10-05 06:50:01,643] WARNING: HTTP 429 from https://api.openalex.org/authors/A5057878529; retrying (attempt 1/3)
[2025-10-05 06:50:14,485] WARNING: HTTP 429 from https://api.openalex.org/authors/A5006914372; retrying (attempt 1/3)
[2025-10-05 06:50:33,834] WARNING: HTTP 429 from https://api.openalex.org/authors/A5031921944; retrying (attempt 1/3)
[2025-10-05 06:50:44,965] INFO: [diff] H_index: 0 rows changed; total delta = 0.0
[2025-10-05 06:50:44,966] INFO: [diff] I10_index: 0 rows changed; total delta = 0.0
[2025-10-05 06:50:44,967] INFO: [diff] Works_count: 3 rows changed; total delta = 5.0
[2025-10-05 06:50:44,967] INFO: [diff] Total_citations: 4 rows changed; total delta = 52.0
[2025-10-05 06:50:44,970] INFO: [ok] Wrote: data/roster_with_metrics.csv
