[2025-09-04 02:24:54,095] INFO: Logging to data/logs/fetch_author_metrics_20250904_022454.log
[2025-09-04 02:24:54,096] WARNING: No contact email provided (--email/OPENALEX_MAILTO/CONTACT_EMAIL). Requests may be throttled.
[2025-09-04 02:24:54,099] INFO: Detected OpenAlex ID column: OpenAlexID
[2025-09-04 02:24:54,100] INFO: Loaded previous output for diffing: data/roster_with_metrics.csv
[2025-09-04 02:24:54,100] INFO: [fetch] Row 1/101: A5044129448
[2025-09-04 02:24:54,829] INFO: [fetch] Row 2/101: A5022853965
[2025-09-04 02:24:55,231] INFO: [fetch] Row 3/101: A5071624312
[2025-09-04 02:24:55,692] INFO: [fetch] Row 4/101: A5106745430
[2025-09-04 02:24:56,115] INFO: [fetch] Row 5/101: a5080888159
[2025-09-04 02:24:56,528] INFO: [fetch] Row 6/101: a5074500983
[2025-09-04 02:24:56,940] INFO: [fetch] Row 7/101: A5064787715
[2025-09-04 02:24:57,473] INFO: [fetch] Row 8/101: A5031768116
[2025-09-04 02:24:57,844] INFO: [fetch] Row 9/101: A5086150799
[2025-09-04 02:24:58,277] INFO: [fetch] Row 10/101: A5073479052
[2025-09-04 02:24:58,720] INFO: [fetch] Row 11/101: a5046562548
[2025-09-04 02:24:59,122] INFO: [fetch] Row 12/101: A5020037190
[2025-09-04 02:24:59,594] INFO: [fetch] Row 13/101: a5039979518
[2025-09-04 02:25:00,055] INFO: [fetch] Row 14/101: a5076737365
[2025-09-04 02:25:00,456] INFO: [fetch] Row 15/101: A5043095653
[2025-09-04 02:25:00,859] INFO: [fetch] Row 16/101: a5056760825
[2025-09-04 02:25:01,320] INFO: [fetch] Row 17/101: a5039674941
[2025-09-04 02:25:01,713] INFO: [fetch] Row 18/101: A5022252020
[2025-09-04 02:25:02,100] INFO: [fetch] Row 19/101: A5060720250
[2025-09-04 02:25:02,476] INFO: [fetch] Row 20/101: A5061396807
[2025-09-04 02:25:02,990] INFO: [fetch] Row 21/101: A5029048673
[2025-09-04 02:25:03,379] INFO: [fetch] Row 22/101: A5017737743
[2025-09-04 02:25:03,768] INFO: [fetch] Row 23/101: A5037076571
[2025-09-04 02:25:04,373] INFO: [fetch] Row 24/101: a5006789932
[2025-09-04 02:25:04,762] INFO: [fetch] Row 25/101: A5026053568
[2025-09-04 02:25:05,182] INFO: [fetch] Row 26/101: A5082453086
[2025-09-04 02:25:05,702] INFO: [fetch] Row 27/101: a5114373244
[2025-09-04 02:25:06,140] INFO: [fetch] Row 28/101: A5066211640
[2025-09-04 02:25:06,649] INFO: [fetch] Row 29/101: A5060238062
[2025-09-04 02:25:07,045] INFO: [fetch] Row 30/101: a5074081305
[2025-09-04 02:25:07,448] INFO: [fetch] Row 31/101: a5085430572
[2025-09-04 02:25:07,893] INFO: [fetch] Row 32/101: A5061884304
[2025-09-04 02:25:08,316] INFO: [fetch] Row 33/101: a5083737761
[2025-09-04 02:25:08,709] INFO: [fetch] Row 34/101: A5024153751
[2025-09-04 02:25:09,133] INFO: [fetch] Row 35/101: A5070858953
[2025-09-04 02:25:09,712] INFO: [fetch] Row 36/101: A5036827440
[2025-09-04 02:25:10,113] INFO: [fetch] Row 37/101: A5059205436
[2025-09-04 02:25:10,527] INFO: [fetch] Row 38/101: A5084242333
[2025-09-04 02:25:10,961] INFO: [fetch] Row 39/101: A5101873040
[2025-09-04 02:25:11,502] INFO: [fetch] Row 40/101: A5058471690
[2025-09-04 02:25:11,931] INFO: [fetch] Row 41/101: A5012993605
[2025-09-04 02:25:12,378] INFO: [fetch] Row 42/101: A5100610130
[2025-09-04 02:25:12,823] INFO: [fetch] Row 43/101: a5090533744
[2025-09-04 02:25:13,312] INFO: [fetch] Row 44/101: A5109754104
[2025-09-04 02:25:13,692] INFO: [fetch] Row 45/101: A5027760942
[2025-09-04 02:25:14,067] INFO: [fetch] Row 46/101: A5022774858
[2025-09-04 02:25:14,517] INFO: [fetch] Row 47/101: A5007942194
[2025-09-04 02:25:14,963] INFO: [fetch] Row 48/101: A5090097404
[2025-09-04 02:25:15,399] INFO: [fetch] Row 49/101: A5037667720
[2025-09-04 02:25:15,804] INFO: [fetch] Row 50/101: A5023922905
[2025-09-04 02:25:16,173] INFO: [fetch] Row 51/101: A5036061060
[2025-09-04 02:25:16,557] INFO: [fetch] Row 52/101: A5047972805
[2025-09-04 02:25:16,935] INFO: [fetch] Row 53/101: A5112938412
[2025-09-04 02:25:17,352] INFO: [fetch] Row 54/101: A5089895616
[2025-09-04 02:25:17,725] INFO: [fetch] Row 55/101: a5069179389
[2025-09-04 02:25:18,119] INFO: [fetch] Row 56/101: A5080815644
[2025-09-04 02:25:18,524] INFO: [fetch] Row 57/101: A5083770219
[2025-09-04 02:25:18,913] INFO: [fetch] Row 58/101: A5037393069
[2025-09-04 02:25:19,302] INFO: [fetch] Row 59/101: A5035984700
[2025-09-04 02:25:19,739] INFO: [fetch] Row 60/101: A5051453596
[2025-09-04 02:25:20,120] INFO: [fetch] Row 61/101: a5057878529
[2025-09-04 02:25:20,559] INFO: [fetch] Row 62/101: A5114377548
[2025-09-04 02:25:20,954] INFO: [fetch] Row 63/101: A5024298870
[2025-09-04 02:25:21,367] INFO: [fetch] Row 64/101: A5040728822
[2025-09-04 02:25:21,764] INFO: [fetch] Row 65/101: a5041781789
[2025-09-04 02:25:22,202] INFO: [fetch] Row 66/101: a5108639797
[2025-09-04 02:25:22,603] INFO: [fetch] Row 67/101: A5007528691
[2025-09-04 02:25:23,005] INFO: [fetch] Row 68/101: A5015249683
[2025-09-04 02:25:23,428] INFO: [fetch] Row 69/101: A5006528993
[2025-09-04 02:25:23,807] INFO: [fetch] Row 70/101: A5068471682
[2025-09-04 02:25:24,228] INFO: [fetch] Row 71/101: A5018297358
[2025-09-04 02:25:24,774] INFO: [fetch] Row 72/101: a5084958126
[2025-09-04 02:25:25,179] INFO: [fetch] Row 73/101: A5006914372
[2025-09-04 02:25:25,636] INFO: [fetch] Row 74/101: A5085398611
[2025-09-04 02:25:26,034] INFO: [fetch] Row 75/101: a5085398611
[2025-09-04 02:25:26,415] INFO: [fetch] Row 76/101: a5028898834
[2025-09-04 02:25:26,786] INFO: [fetch] Row 77/101: a5034573437
[2025-09-04 02:25:27,156] INFO: [fetch] Row 78/101: A5084465267
[2025-09-04 02:25:27,523] INFO: [fetch] Row 79/101: A5079262403
[2025-09-04 02:25:27,905] INFO: [fetch] Row 80/101: A5010393109
[2025-09-04 02:25:28,385] INFO: [fetch] Row 81/101: A5059631071
[2025-09-04 02:25:28,792] INFO: [fetch] Row 82/101: A5079401945
[2025-09-04 02:25:29,187] INFO: [fetch] Row 83/101: A5034557771
[2025-09-04 02:25:29,567] INFO: [fetch] Row 84/101: a5054400267
[2025-09-04 02:25:30,209] INFO: [fetch] Row 85/101: A5036983792
[2025-09-04 02:25:30,641] INFO: [fetch] Row 86/101: A5014472169
[2025-09-04 02:25:31,103] INFO: [fetch] Row 87/101: A5085946799
[2025-09-04 02:25:31,479] INFO: [fetch] Row 88/101: a5031921944
[2025-09-04 02:25:31,891] INFO: [fetch] Row 89/101: A5010143483
[2025-09-04 02:25:32,284] INFO: [fetch] Row 90/101: a5038711024
[2025-09-04 02:25:32,695] INFO: [fetch] Row 91/101: A5035378389
[2025-09-04 02:25:33,174] INFO: [fetch] Row 92/101: A5069322953
[2025-09-04 02:25:33,601] INFO: [fetch] Row 93/101: A5026426411
[2025-09-04 02:25:34,009] INFO: [fetch] Row 94/101: A5034008514
[2025-09-04 02:25:34,468] INFO: [fetch] Row 95/101: A5100752456
[2025-09-04 02:25:34,844] INFO: [fetch] Row 96/101: A5028777464
[2025-09-04 02:25:35,269] INFO: [fetch] Row 97/101: A5063029101
[2025-09-04 02:25:35,799] INFO: [fetch] Row 98/101: a5031550242
[2025-09-04 02:25:36,199] INFO: [fetch] Row 99/101: a5119173381
[2025-09-04 02:25:36,600] INFO: [fetch] Row 100/101: a5030253755
[2025-09-04 02:25:37,151] INFO: [fetch] Row 101/101: a5030166838
[2025-09-04 02:25:37,732] INFO: [diff] H_index: 0 rows changed; total delta = 0.0
[2025-09-04 02:25:37,732] INFO: [diff] I10_index: 0 rows changed; total delta = 0.0
[2025-09-04 02:25:37,733] INFO: [diff] Works_count: 0 rows changed; total delta = 0.0
[2025-09-04 02:25:37,733] INFO: [diff] Total_citations: 2 rows changed; total delta = 27.0
[2025-09-04 02:25:37,735] INFO: [ok] Wrote: data/roster_with_metrics.csv
